<?xml version="1.0" encoding="UTF-8"?>
<coverage generated="1573658499265" clover="3.2.0">
  <project timestamp="1573658499265" name="All files">
    <metrics statements="43" coveredstatements="21" conditionals="24" coveredconditionals="12" methods="17" coveredmethods="12" elements="84" coveredelements="45" complexity="0" loc="43" ncloc="43" packages="2" files="6" classes="6"/>
    <package name="src">
      <metrics statements="21" coveredstatements="10" conditionals="10" coveredconditionals="3" methods="8" coveredmethods="4"/>
      <file name="App.js" path="/Users/rbk-11/Desktop/zinah/googlePlayProductReplica/poll-service/client/src/App.js">
        <metrics statements="17" coveredstatements="10" conditionals="8" coveredconditionals="3" methods="7" coveredmethods="4"/>
        <line num="12" count="2" type="stmt"/>
        <line num="13" count="2" type="stmt"/>
        <line num="19" count="2" type="stmt"/>
        <line num="21" count="2" type="cond" truecount="1" falsecount="1"/>
        <line num="22" count="0" type="stmt"/>
        <line num="23" count="0" type="stmt"/>
        <line num="25" count="2" type="stmt"/>
        <line num="27" count="2" type="stmt"/>
        <line num="28" count="2" type="stmt"/>
        <line num="30" count="0" type="stmt"/>
        <line num="31" count="0" type="stmt"/>
        <line num="36" count="0" type="stmt"/>
        <line num="40" count="2" type="stmt"/>
        <line num="43" count="0" type="cond" truecount="0" falsecount="2"/>
        <line num="44" count="0" type="stmt"/>
        <line num="48" count="2" type="stmt"/>
        <line num="49" count="2" type="stmt"/>
      </file>
      <file name="index.js" path="/Users/rbk-11/Desktop/zinah/googlePlayProductReplica/poll-service/client/src/index.js">
        <metrics statements="4" coveredstatements="0" conditionals="2" coveredconditionals="0" methods="1" coveredmethods="0"/>
        <line num="7" count="0" type="stmt"/>
        <line num="9" count="0" type="cond" truecount="0" falsecount="2"/>
        <line num="10" count="0" type="stmt"/>
        <line num="11" count="0" type="stmt"/>
      </file>
    </package>
    <package name="src.components">
      <metrics statements="22" coveredstatements="11" conditionals="14" coveredconditionals="9" methods="9" coveredmethods="8"/>
      <file name="PollsCount.js" path="/Users/rbk-11/Desktop/zinah/googlePlayProductReplica/poll-service/client/src/components/PollsCount.js">
        <metrics statements="8" coveredstatements="3" conditionals="8" coveredconditionals="4" methods="2" coveredmethods="2"/>
        <line num="10" count="5" type="stmt"/>
        <line num="15" count="5" type="cond" truecount="1" falsecount="1"/>
        <line num="16" count="0" type="stmt"/>
        <line num="17" count="0" type="stmt"/>
        <line num="18" count="0" type="stmt"/>
        <line num="19" count="0" type="stmt"/>
        <line num="20" count="0" type="stmt"/>
        <line num="22" count="2" type="stmt"/>
      </file>
      <file name="PollsResults.js" path="/Users/rbk-11/Desktop/zinah/googlePlayProductReplica/poll-service/client/src/components/PollsResults.js">
        <metrics statements="2" coveredstatements="2" conditionals="4" coveredconditionals="4" methods="2" coveredmethods="2"/>
        <line num="8" count="3" type="stmt"/>
        <line num="12" count="3" type="stmt"/>
      </file>
      <file name="ReviewItem.js" path="/Users/rbk-11/Desktop/zinah/googlePlayProductReplica/poll-service/client/src/components/ReviewItem.js">
        <metrics statements="5" coveredstatements="2" conditionals="0" coveredconditionals="0" methods="2" coveredmethods="2"/>
        <line num="9" count="3" type="stmt"/>
        <line num="13" count="3" type="stmt"/>
        <line num="14" count="0" type="stmt"/>
        <line num="15" count="0" type="stmt"/>
        <line num="16" count="0" type="stmt"/>
      </file>
      <file name="Reviews.js" path="/Users/rbk-11/Desktop/zinah/googlePlayProductReplica/poll-service/client/src/components/Reviews.js">
        <metrics statements="7" coveredstatements="4" conditionals="2" coveredconditionals="1" methods="3" coveredmethods="2"/>
        <line num="7" count="4" type="stmt"/>
        <line num="12" count="4" type="stmt"/>
        <line num="13" count="4" type="cond" truecount="1" falsecount="1"/>
        <line num="14" count="0" type="stmt"/>
        <line num="15" count="0" type="stmt"/>
        <line num="18" count="1" type="stmt"/>
        <line num="23" count="0" type="stmt"/>
      </file>
    </package>
  </project>
</coverage>
