<?xml version="1.0" encoding="UTF-8"?>
<coverage generated="1573644511735" clover="3.2.0">
  <project timestamp="1573644511735" name="All files">
    <metrics statements="24" coveredstatements="18" conditionals="18" coveredconditionals="11" methods="9" coveredmethods="6" elements="51" coveredelements="35" complexity="0" loc="24" ncloc="24" packages="2" files="4" classes="4"/>
    <package name="src">
      <metrics statements="11" coveredstatements="5" conditionals="4" coveredconditionals="2" methods="5" coveredmethods="2"/>
      <file name="App.js" path="/Users/rbk-11/Desktop/zinah/googlePlayProductReplica/poll-service/client/src/App.js">
        <metrics statements="10" coveredstatements="5" conditionals="4" coveredconditionals="2" methods="5" coveredmethods="2"/>
        <line num="13" count="2" type="stmt"/>
        <line num="14" count="2" type="stmt"/>
        <line num="20" count="2" type="stmt"/>
        <line num="21" count="0" type="stmt"/>
        <line num="22" count="0" type="stmt"/>
        <line num="24" count="0" type="stmt"/>
        <line num="27" count="0" type="stmt"/>
        <line num="28" count="0" type="stmt"/>
        <line num="31" count="2" type="stmt"/>
        <line num="34" count="2" type="stmt"/>
      </file>
      <file name="index.js" path="/Users/rbk-11/Desktop/zinah/googlePlayProductReplica/poll-service/client/src/index.js">
        <metrics statements="1" coveredstatements="0" conditionals="0" coveredconditionals="0" methods="0" coveredmethods="0"/>
        <line num="7" count="0" type="stmt"/>
      </file>
    </package>
    <package name="src.components">
      <metrics statements="13" coveredstatements="13" conditionals="14" coveredconditionals="9" methods="4" coveredmethods="4"/>
      <file name="PollsRepresentation.js" path="/Users/rbk-11/Desktop/zinah/googlePlayProductReplica/poll-service/client/src/components/PollsRepresentation.js">
        <metrics statements="10" coveredstatements="10" conditionals="10" coveredconditionals="5" methods="2" coveredmethods="2"/>
        <line num="9" count="5" type="stmt"/>
        <line num="10" count="5" type="stmt"/>
        <line num="14" count="5" type="stmt"/>
        <line num="15" count="2" type="stmt"/>
        <line num="16" count="2" type="stmt"/>
        <line num="17" count="2" type="stmt"/>
        <line num="18" count="2" type="stmt"/>
        <line num="19" count="2" type="stmt"/>
        <line num="20" count="2" type="stmt"/>
        <line num="22" count="2" type="stmt"/>
      </file>
      <file name="PollsResults.js" path="/Users/rbk-11/Desktop/zinah/googlePlayProductReplica/poll-service/client/src/components/PollsResults.js">
        <metrics statements="3" coveredstatements="3" conditionals="4" coveredconditionals="4" methods="2" coveredmethods="2"/>
        <line num="8" count="3" type="stmt"/>
        <line num="9" count="3" type="stmt"/>
        <line num="12" count="3" type="stmt"/>
      </file>
    </package>
  </project>
</coverage>
