{"/Users/rbk-11/Desktop/zinah/googlePlayProductReplica/poll-service/client/src/App.js": {"path":"/Users/rbk-11/Desktop/zinah/googlePlayProductReplica/poll-service/client/src/App.js","statementMap":{"0":{"start":{"line":13,"column":4},"end":{"line":13,"column":17}},"1":{"start":{"line":14,"column":4},"end":{"line":17,"column":6}},"2":{"start":{"line":20,"column":23},"end":{"line":30,"column":3}},"3":{"start":{"line":21,"column":4},"end":{"line":21,"column":55}},"4":{"start":{"line":22,"column":4},"end":{"line":29,"column":9}},"5":{"start":{"line":24,"column":8},"end":{"line":24,"column":68}},"6":{"start":{"line":27,"column":8},"end":{"line":27,"column":23}},"7":{"start":{"line":28,"column":8},"end":{"line":28,"column":60}},"8":{"start":{"line":31,"column":14},"end":{"line":31,"column":37}},"9":{"start":{"line":34,"column":4},"end":{"line":44,"column":6}}},"fnMap":{"0":{"name":"(anonymous_0)","decl":{"start":{"line":12,"column":2},"end":{"line":12,"column":3}},"loc":{"start":{"line":12,"column":21},"end":{"line":19,"column":3}},"line":12},"1":{"name":"(anonymous_1)","decl":{"start":{"line":20,"column":23},"end":{"line":20,"column":24}},"loc":{"start":{"line":20,"column":31},"end":{"line":30,"column":3}},"line":20},"2":{"name":"(anonymous_2)","decl":{"start":{"line":23,"column":12},"end":{"line":23,"column":13}},"loc":{"start":{"line":23,"column":24},"end":{"line":25,"column":7}},"line":23},"3":{"name":"(anonymous_3)","decl":{"start":{"line":26,"column":13},"end":{"line":26,"column":14}},"loc":{"start":{"line":26,"column":18},"end":{"line":29,"column":7}},"line":26},"4":{"name":"(anonymous_4)","decl":{"start":{"line":32,"column":2},"end":{"line":32,"column":3}},"loc":{"start":{"line":32,"column":11},"end":{"line":45,"column":3}},"line":32}},"branchMap":{"0":{"loc":{"start":{"line":39,"column":36},"end":{"line":39,"column":82}},"type":"cond-expr","locations":[{"start":{"line":39,"column":59},"end":{"line":39,"column":77}},{"start":{"line":39,"column":80},"end":{"line":39,"column":82}}],"line":39},"1":{"loc":{"start":{"line":40,"column":32},"end":{"line":40,"column":78}},"type":"cond-expr","locations":[{"start":{"line":40,"column":55},"end":{"line":40,"column":73}},{"start":{"line":40,"column":76},"end":{"line":40,"column":78}}],"line":40}},"s":{"0":2,"1":2,"2":2,"3":0,"4":0,"5":0,"6":0,"7":0,"8":2,"9":2},"f":{"0":2,"1":0,"2":0,"3":0,"4":2},"b":{"0":[2,0],"1":[2,0]},"_coverageSchema":"43e27e138ebf9cfc5966b082cf9a028302ed4184","hash":"14d591021ac1f9e5dd8f1fee77b404413475bdcb"}
,"/Users/rbk-11/Desktop/zinah/googlePlayProductReplica/poll-service/client/src/index.js": {"path":"/Users/rbk-11/Desktop/zinah/googlePlayProductReplica/poll-service/client/src/index.js","statementMap":{"0":{"start":{"line":7,"column":0},"end":{"line":7,"column":58}}},"fnMap":{},"branchMap":{},"s":{"0":0},"f":{},"b":{},"hash":"2a19b269776781c0b9cc5c5ac75ea825f33b6904"}
,"/Users/rbk-11/Desktop/zinah/googlePlayProductReplica/poll-service/client/src/components/PollsRepresentation.js": {"path":"/Users/rbk-11/Desktop/zinah/googlePlayProductReplica/poll-service/client/src/components/PollsRepresentation.js","statementMap":{"0":{"start":{"line":9,"column":8},"end":{"line":9,"column":21}},"1":{"start":{"line":10,"column":8},"end":{"line":10,"column":26}},"2":{"start":{"line":14,"column":20},"end":{"line":14,"column":136}},"3":{"start":{"line":15,"column":26},"end":{"line":15,"column":62}},"4":{"start":{"line":16,"column":26},"end":{"line":16,"column":62}},"5":{"start":{"line":17,"column":28},"end":{"line":17,"column":66}},"6":{"start":{"line":18,"column":27},"end":{"line":18,"column":64}},"7":{"start":{"line":19,"column":27},"end":{"line":19,"column":64}},"8":{"start":{"line":20,"column":8},"end":{"line":20,"column":42}},"9":{"start":{"line":22,"column":8},"end":{"line":62,"column":10}}},"fnMap":{"0":{"name":"(anonymous_0)","decl":{"start":{"line":8,"column":4},"end":{"line":8,"column":5}},"loc":{"start":{"line":8,"column":23},"end":{"line":11,"column":5}},"line":8},"1":{"name":"(anonymous_1)","decl":{"start":{"line":12,"column":4},"end":{"line":12,"column":5}},"loc":{"start":{"line":12,"column":13},"end":{"line":63,"column":5}},"line":12}},"branchMap":{"0":{"loc":{"start":{"line":45,"column":47},"end":{"line":45,"column":80}},"type":"cond-expr","locations":[{"start":{"line":45,"column":63},"end":{"line":45,"column":74}},{"start":{"line":45,"column":77},"end":{"line":45,"column":80}}],"line":45},"1":{"loc":{"start":{"line":48,"column":47},"end":{"line":48,"column":79}},"type":"cond-expr","locations":[{"start":{"line":48,"column":63},"end":{"line":48,"column":74}},{"start":{"line":48,"column":77},"end":{"line":48,"column":79}}],"line":48},"2":{"loc":{"start":{"line":51,"column":47},"end":{"line":51,"column":83}},"type":"cond-expr","locations":[{"start":{"line":51,"column":65},"end":{"line":51,"column":78}},{"start":{"line":51,"column":81},"end":{"line":51,"column":83}}],"line":51},"3":{"loc":{"start":{"line":54,"column":47},"end":{"line":54,"column":81}},"type":"cond-expr","locations":[{"start":{"line":54,"column":64},"end":{"line":54,"column":76}},{"start":{"line":54,"column":79},"end":{"line":54,"column":81}}],"line":54},"4":{"loc":{"start":{"line":57,"column":47},"end":{"line":57,"column":81}},"type":"cond-expr","locations":[{"start":{"line":57,"column":64},"end":{"line":57,"column":76}},{"start":{"line":57,"column":79},"end":{"line":57,"column":81}}],"line":57}},"s":{"0":5,"1":5,"2":5,"3":2,"4":2,"5":2,"6":2,"7":2,"8":2,"9":2},"f":{"0":5,"1":5},"b":{"0":[0,2],"1":[0,2],"2":[0,2],"3":[0,2],"4":[0,2]},"_coverageSchema":"43e27e138ebf9cfc5966b082cf9a028302ed4184","hash":"6f78339879642e1878bbe42474fbda140c4bba4f"}
,"/Users/rbk-11/Desktop/zinah/googlePlayProductReplica/poll-service/client/src/components/PollsResults.js": {"path":"/Users/rbk-11/Desktop/zinah/googlePlayProductReplica/poll-service/client/src/components/PollsResults.js","statementMap":{"0":{"start":{"line":8,"column":8},"end":{"line":8,"column":21}},"1":{"start":{"line":9,"column":8},"end":{"line":9,"column":27}},"2":{"start":{"line":12,"column":8},"end":{"line":21,"column":10}}},"fnMap":{"0":{"name":"(anonymous_0)","decl":{"start":{"line":7,"column":4},"end":{"line":7,"column":5}},"loc":{"start":{"line":7,"column":23},"end":{"line":10,"column":5}},"line":7},"1":{"name":"(anonymous_1)","decl":{"start":{"line":11,"column":4},"end":{"line":11,"column":5}},"loc":{"start":{"line":11,"column":13},"end":{"line":22,"column":5}},"line":11}},"branchMap":{"0":{"loc":{"start":{"line":15,"column":38},"end":{"line":15,"column":84}},"type":"cond-expr","locations":[{"start":{"line":15,"column":61},"end":{"line":15,"column":79}},{"start":{"line":15,"column":82},"end":{"line":15,"column":84}}],"line":15},"1":{"loc":{"start":{"line":18,"column":47},"end":{"line":18,"column":93}},"type":"cond-expr","locations":[{"start":{"line":18,"column":70},"end":{"line":18,"column":88}},{"start":{"line":18,"column":91},"end":{"line":18,"column":93}}],"line":18}},"s":{"0":3,"1":3,"2":3},"f":{"0":3,"1":3},"b":{"0":[1,2],"1":[1,2]},"_coverageSchema":"43e27e138ebf9cfc5966b082cf9a028302ed4184","hash":"237471402f7e4fba66f79c8ccb88c0f90ce6e387"}
}
