{"/Users/rbk-11/Desktop/zinah/googlePlayProductReplica/poll-service/client/src/App.js": {"path":"/Users/rbk-11/Desktop/zinah/googlePlayProductReplica/poll-service/client/src/App.js","statementMap":{"0":{"start":{"line":12,"column":4},"end":{"line":12,"column":17}},"1":{"start":{"line":13,"column":4},"end":{"line":15,"column":6}},"2":{"start":{"line":19,"column":15},"end":{"line":19,"column":35}},"3":{"start":{"line":21,"column":4},"end":{"line":26,"column":5}},"4":{"start":{"line":22,"column":23},"end":{"line":22,"column":40}},"5":{"start":{"line":23,"column":6},"end":{"line":23,"column":41}},"6":{"start":{"line":25,"column":6},"end":{"line":25,"column":13}},"7":{"start":{"line":27,"column":15},"end":{"line":27,"column":19}},"8":{"start":{"line":28,"column":4},"end":{"line":37,"column":9}},"9":{"start":{"line":30,"column":8},"end":{"line":30,"column":44}},"10":{"start":{"line":31,"column":8},"end":{"line":33,"column":10}},"11":{"start":{"line":36,"column":8},"end":{"line":36,"column":23}},"12":{"start":{"line":40,"column":4},"end":{"line":40,"column":21}},"13":{"start":{"line":43,"column":4},"end":{"line":45,"column":5}},"14":{"start":{"line":44,"column":6},"end":{"line":44,"column":23}},"15":{"start":{"line":48,"column":4},"end":{"line":48,"column":47}},"16":{"start":{"line":49,"column":4},"end":{"line":59,"column":6}}},"fnMap":{"0":{"name":"(anonymous_0)","decl":{"start":{"line":11,"column":2},"end":{"line":11,"column":3}},"loc":{"start":{"line":11,"column":21},"end":{"line":16,"column":3}},"line":11},"1":{"name":"(anonymous_1)","decl":{"start":{"line":18,"column":2},"end":{"line":18,"column":3}},"loc":{"start":{"line":18,"column":14},"end":{"line":38,"column":3}},"line":18},"2":{"name":"(anonymous_2)","decl":{"start":{"line":29,"column":12},"end":{"line":29,"column":13}},"loc":{"start":{"line":29,"column":24},"end":{"line":34,"column":7}},"line":29},"3":{"name":"(anonymous_3)","decl":{"start":{"line":35,"column":13},"end":{"line":35,"column":14}},"loc":{"start":{"line":35,"column":18},"end":{"line":37,"column":7}},"line":35},"4":{"name":"(anonymous_4)","decl":{"start":{"line":39,"column":2},"end":{"line":39,"column":3}},"loc":{"start":{"line":39,"column":22},"end":{"line":41,"column":3}},"line":39},"5":{"name":"(anonymous_5)","decl":{"start":{"line":42,"column":2},"end":{"line":42,"column":3}},"loc":{"start":{"line":42,"column":27},"end":{"line":46,"column":3}},"line":42},"6":{"name":"(anonymous_6)","decl":{"start":{"line":47,"column":2},"end":{"line":47,"column":3}},"loc":{"start":{"line":47,"column":11},"end":{"line":60,"column":3}},"line":47}},"branchMap":{"0":{"loc":{"start":{"line":21,"column":4},"end":{"line":26,"column":5}},"type":"if","locations":[{"start":{"line":21,"column":4},"end":{"line":26,"column":5}},{"start":{"line":21,"column":4},"end":{"line":26,"column":5}}],"line":21},"1":{"loc":{"start":{"line":43,"column":4},"end":{"line":45,"column":5}},"type":"if","locations":[{"start":{"line":43,"column":4},"end":{"line":45,"column":5}},{"start":{"line":43,"column":4},"end":{"line":45,"column":5}}],"line":43},"2":{"loc":{"start":{"line":54,"column":36},"end":{"line":54,"column":82}},"type":"cond-expr","locations":[{"start":{"line":54,"column":59},"end":{"line":54,"column":77}},{"start":{"line":54,"column":80},"end":{"line":54,"column":82}}],"line":54},"3":{"loc":{"start":{"line":55,"column":32},"end":{"line":55,"column":78}},"type":"cond-expr","locations":[{"start":{"line":55,"column":55},"end":{"line":55,"column":73}},{"start":{"line":55,"column":76},"end":{"line":55,"column":78}}],"line":55}},"s":{"0":2,"1":2,"2":2,"3":2,"4":0,"5":0,"6":2,"7":2,"8":2,"9":0,"10":0,"11":0,"12":2,"13":0,"14":0,"15":2,"16":2},"f":{"0":2,"1":2,"2":0,"3":0,"4":2,"5":0,"6":2},"b":{"0":[0,2],"1":[0,0],"2":[2,0],"3":[2,0]},"_coverageSchema":"43e27e138ebf9cfc5966b082cf9a028302ed4184","hash":"6c0d41d5597f840d5ec646ea543c8174f6c54655"}
,"/Users/rbk-11/Desktop/zinah/googlePlayProductReplica/poll-service/client/src/index.js": {"path":"/Users/rbk-11/Desktop/zinah/googlePlayProductReplica/poll-service/client/src/index.js","statementMap":{"0":{"start":{"line":7,"column":0},"end":{"line":7,"column":58}},"1":{"start":{"line":9,"column":0},"end":{"line":13,"column":1}},"2":{"start":{"line":10,"column":4},"end":{"line":12,"column":6}},"3":{"start":{"line":11,"column":8},"end":{"line":11,"column":65}}},"fnMap":{"0":{"name":"(anonymous_0)","decl":{"start":{"line":10,"column":31},"end":{"line":10,"column":32}},"loc":{"start":{"line":10,"column":37},"end":{"line":12,"column":5}},"line":10}},"branchMap":{"0":{"loc":{"start":{"line":9,"column":0},"end":{"line":13,"column":1}},"type":"if","locations":[{"start":{"line":9,"column":0},"end":{"line":13,"column":1}},{"start":{"line":9,"column":0},"end":{"line":13,"column":1}}],"line":9}},"s":{"0":0,"1":0,"2":0,"3":0},"f":{"0":0},"b":{"0":[0,0]},"hash":"8e5b347bde21aadd95e1d21165f8f0cb98e1b701"}
,"/Users/rbk-11/Desktop/zinah/googlePlayProductReplica/poll-service/client/src/components/PollsCount.js": {"path":"/Users/rbk-11/Desktop/zinah/googlePlayProductReplica/poll-service/client/src/components/PollsCount.js","statementMap":{"0":{"start":{"line":10,"column":8},"end":{"line":10,"column":21}},"1":{"start":{"line":15,"column":8},"end":{"line":21,"column":9}},"2":{"start":{"line":16,"column":12},"end":{"line":16,"column":35}},"3":{"start":{"line":17,"column":12},"end":{"line":17,"column":137}},"4":{"start":{"line":18,"column":12},"end":{"line":18,"column":176}},"5":{"start":{"line":19,"column":12},"end":{"line":19,"column":40}},"6":{"start":{"line":20,"column":12},"end":{"line":20,"column":38}},"7":{"start":{"line":22,"column":8},"end":{"line":56,"column":10}}},"fnMap":{"0":{"name":"(anonymous_0)","decl":{"start":{"line":9,"column":4},"end":{"line":9,"column":5}},"loc":{"start":{"line":9,"column":23},"end":{"line":11,"column":5}},"line":9},"1":{"name":"(anonymous_1)","decl":{"start":{"line":12,"column":4},"end":{"line":12,"column":5}},"loc":{"start":{"line":12,"column":13},"end":{"line":57,"column":5}},"line":12}},"branchMap":{"0":{"loc":{"start":{"line":15,"column":8},"end":{"line":21,"column":9}},"type":"if","locations":[{"start":{"line":15,"column":8},"end":{"line":21,"column":9}},{"start":{"line":15,"column":8},"end":{"line":21,"column":9}}],"line":15},"1":{"loc":{"start":{"line":26,"column":52},"end":{"line":26,"column":71}},"type":"cond-expr","locations":[{"start":{"line":26,"column":61},"end":{"line":26,"column":65}},{"start":{"line":26,"column":68},"end":{"line":26,"column":71}}],"line":26},"2":{"loc":{"start":{"line":32,"column":36},"end":{"line":32,"column":55}},"type":"cond-expr","locations":[{"start":{"line":32,"column":45},"end":{"line":32,"column":49}},{"start":{"line":32,"column":52},"end":{"line":32,"column":55}}],"line":32},"3":{"loc":{"start":{"line":46,"column":40},"end":{"line":46,"column":63}},"type":"cond-expr","locations":[{"start":{"line":46,"column":50},"end":{"line":46,"column":55}},{"start":{"line":46,"column":58},"end":{"line":46,"column":63}}],"line":46}},"s":{"0":5,"1":5,"2":0,"3":0,"4":0,"5":0,"6":0,"7":2},"f":{"0":5,"1":5},"b":{"0":[0,2],"1":[0,2],"2":[0,2],"3":[0,2]},"_coverageSchema":"43e27e138ebf9cfc5966b082cf9a028302ed4184","hash":"616d2970fecc9c21cf84ba71401d1608fdeb0351"}
,"/Users/rbk-11/Desktop/zinah/googlePlayProductReplica/poll-service/client/src/components/PollsResults.js": {"path":"/Users/rbk-11/Desktop/zinah/googlePlayProductReplica/poll-service/client/src/components/PollsResults.js","statementMap":{"0":{"start":{"line":8,"column":8},"end":{"line":8,"column":21}},"1":{"start":{"line":12,"column":8},"end":{"line":21,"column":10}}},"fnMap":{"0":{"name":"(anonymous_0)","decl":{"start":{"line":7,"column":4},"end":{"line":7,"column":5}},"loc":{"start":{"line":7,"column":23},"end":{"line":9,"column":5}},"line":7},"1":{"name":"(anonymous_1)","decl":{"start":{"line":11,"column":4},"end":{"line":11,"column":5}},"loc":{"start":{"line":11,"column":13},"end":{"line":22,"column":5}},"line":11}},"branchMap":{"0":{"loc":{"start":{"line":15,"column":38},"end":{"line":15,"column":84}},"type":"cond-expr","locations":[{"start":{"line":15,"column":61},"end":{"line":15,"column":79}},{"start":{"line":15,"column":82},"end":{"line":15,"column":84}}],"line":15},"1":{"loc":{"start":{"line":18,"column":47},"end":{"line":18,"column":93}},"type":"cond-expr","locations":[{"start":{"line":18,"column":70},"end":{"line":18,"column":88}},{"start":{"line":18,"column":91},"end":{"line":18,"column":93}}],"line":18}},"s":{"0":3,"1":3},"f":{"0":3,"1":3},"b":{"0":[1,2],"1":[1,2]},"_coverageSchema":"43e27e138ebf9cfc5966b082cf9a028302ed4184","hash":"6ba6eb85890d4c69ed351ce4eb22b48f0aecbb65"}
,"/Users/rbk-11/Desktop/zinah/googlePlayProductReplica/poll-service/client/src/components/ReviewItem.js": {"path":"/Users/rbk-11/Desktop/zinah/googlePlayProductReplica/poll-service/client/src/components/ReviewItem.js","statementMap":{"0":{"start":{"line":9,"column":8},"end":{"line":9,"column":21}},"1":{"start":{"line":13,"column":19},"end":{"line":13,"column":53}},"2":{"start":{"line":14,"column":8},"end":{"line":14,"column":26}},"3":{"start":{"line":15,"column":25},"end":{"line":15,"column":91}},"4":{"start":{"line":16,"column":8},"end":{"line":66,"column":10}}},"fnMap":{"0":{"name":"(anonymous_0)","decl":{"start":{"line":8,"column":4},"end":{"line":8,"column":5}},"loc":{"start":{"line":8,"column":23},"end":{"line":11,"column":5}},"line":8},"1":{"name":"(anonymous_1)","decl":{"start":{"line":12,"column":4},"end":{"line":12,"column":5}},"loc":{"start":{"line":12,"column":13},"end":{"line":67,"column":5}},"line":12}},"branchMap":{},"s":{"0":3,"1":3,"2":0,"3":0,"4":0},"f":{"0":3,"1":3},"b":{},"_coverageSchema":"43e27e138ebf9cfc5966b082cf9a028302ed4184","hash":"12cbd87015731aa57acf756c83739dfeb64115f7"}
,"/Users/rbk-11/Desktop/zinah/googlePlayProductReplica/poll-service/client/src/components/Reviews.js": {"path":"/Users/rbk-11/Desktop/zinah/googlePlayProductReplica/poll-service/client/src/components/Reviews.js","statementMap":{"0":{"start":{"line":7,"column":8},"end":{"line":7,"column":21}},"1":{"start":{"line":12,"column":23},"end":{"line":12,"column":25}},"2":{"start":{"line":13,"column":8},"end":{"line":17,"column":9}},"3":{"start":{"line":14,"column":12},"end":{"line":14,"column":52}},"4":{"start":{"line":15,"column":12},"end":{"line":15,"column":64}},"5":{"start":{"line":18,"column":8},"end":{"line":30,"column":10}},"6":{"start":{"line":23,"column":20},"end":{"line":26,"column":31}}},"fnMap":{"0":{"name":"(anonymous_0)","decl":{"start":{"line":6,"column":4},"end":{"line":6,"column":5}},"loc":{"start":{"line":6,"column":23},"end":{"line":9,"column":5}},"line":6},"1":{"name":"(anonymous_1)","decl":{"start":{"line":10,"column":4},"end":{"line":10,"column":5}},"loc":{"start":{"line":10,"column":13},"end":{"line":31,"column":5}},"line":10},"2":{"name":"(anonymous_2)","decl":{"start":{"line":22,"column":30},"end":{"line":22,"column":31}},"loc":{"start":{"line":22,"column":38},"end":{"line":27,"column":17}},"line":22}},"branchMap":{"0":{"loc":{"start":{"line":13,"column":8},"end":{"line":17,"column":9}},"type":"if","locations":[{"start":{"line":13,"column":8},"end":{"line":17,"column":9}},{"start":{"line":13,"column":8},"end":{"line":17,"column":9}}],"line":13}},"s":{"0":4,"1":4,"2":4,"3":0,"4":0,"5":1,"6":0},"f":{"0":4,"1":4,"2":0},"b":{"0":[0,1]},"_coverageSchema":"43e27e138ebf9cfc5966b082cf9a028302ed4184","hash":"21b95045dc27b003f45aeda38f69b64afc83d8d6"}
}
