TN:
SF:/Users/rbk-11/Desktop/zinah/googlePlayProductReplica/poll-service/client/src/App.js
FN:12,(anonymous_0)
FN:20,(anonymous_1)
FN:23,(anonymous_2)
FN:26,(anonymous_3)
FN:32,(anonymous_4)
FNF:5
FNH:2
FNDA:2,(anonymous_0)
FNDA:0,(anonymous_1)
FNDA:0,(anonymous_2)
FNDA:0,(anonymous_3)
FNDA:2,(anonymous_4)
DA:13,2
DA:14,2
DA:20,2
DA:21,0
DA:22,0
DA:24,0
DA:27,0
DA:28,0
DA:31,2
DA:34,2
LF:10
LH:5
BRDA:39,0,0,2
BRDA:39,0,1,0
BRDA:40,1,0,2
BRDA:40,1,1,0
BRF:4
BRH:2
end_of_record
TN:
SF:/Users/rbk-11/Desktop/zinah/googlePlayProductReplica/poll-service/client/src/index.js
FNF:0
FNH:0
DA:7,0
LF:1
LH:0
BRF:0
BRH:0
end_of_record
TN:
SF:/Users/rbk-11/Desktop/zinah/googlePlayProductReplica/poll-service/client/src/components/PollsRepresentation.js
FN:8,(anonymous_0)
FN:12,(anonymous_1)
FNF:2
FNH:2
FNDA:5,(anonymous_0)
FNDA:5,(anonymous_1)
DA:9,5
DA:10,5
DA:14,5
DA:15,2
DA:16,2
DA:17,2
DA:18,2
DA:19,2
DA:20,2
DA:22,2
LF:10
LH:10
BRDA:45,0,0,0
BRDA:45,0,1,2
BRDA:48,1,0,0
BRDA:48,1,1,2
BRDA:51,2,0,0
BRDA:51,2,1,2
BRDA:54,3,0,0
BRDA:54,3,1,2
BRDA:57,4,0,0
BRDA:57,4,1,2
BRF:10
BRH:5
end_of_record
TN:
SF:/Users/rbk-11/Desktop/zinah/googlePlayProductReplica/poll-service/client/src/components/PollsResults.js
FN:7,(anonymous_0)
FN:11,(anonymous_1)
FNF:2
FNH:2
FNDA:3,(anonymous_0)
FNDA:3,(anonymous_1)
DA:8,3
DA:9,3
DA:12,3
LF:3
LH:3
BRDA:15,0,0,1
BRDA:15,0,1,2
BRDA:18,1,0,1
BRDA:18,1,1,2
BRF:4
BRH:4
end_of_record
