TN:
SF:/Users/rbk-11/Desktop/zinah/googlePlayProductReplica/poll-service/client/src/App.js
FN:11,(anonymous_0)
FN:18,(anonymous_1)
FN:29,(anonymous_2)
FN:35,(anonymous_3)
FN:39,(anonymous_4)
FN:42,(anonymous_5)
FN:47,(anonymous_6)
FNF:7
FNH:4
FNDA:2,(anonymous_0)
FNDA:2,(anonymous_1)
FNDA:0,(anonymous_2)
FNDA:0,(anonymous_3)
FNDA:2,(anonymous_4)
FNDA:0,(anonymous_5)
FNDA:2,(anonymous_6)
DA:12,2
DA:13,2
DA:19,2
DA:21,2
DA:22,0
DA:23,0
DA:25,2
DA:27,2
DA:28,2
DA:30,0
DA:31,0
DA:36,0
DA:40,2
DA:43,0
DA:44,0
DA:48,2
DA:49,2
LF:17
LH:10
BRDA:21,0,0,0
BRDA:21,0,1,2
BRDA:43,1,0,0
BRDA:43,1,1,0
BRDA:54,2,0,2
BRDA:54,2,1,0
BRDA:55,3,0,2
BRDA:55,3,1,0
BRF:8
BRH:3
end_of_record
TN:
SF:/Users/rbk-11/Desktop/zinah/googlePlayProductReplica/poll-service/client/src/index.js
FN:10,(anonymous_0)
FNF:1
FNH:0
FNDA:0,(anonymous_0)
DA:7,0
DA:9,0
DA:10,0
DA:11,0
LF:4
LH:0
BRDA:9,0,0,0
BRDA:9,0,1,0
BRF:2
BRH:0
end_of_record
TN:
SF:/Users/rbk-11/Desktop/zinah/googlePlayProductReplica/poll-service/client/src/components/PollsCount.js
FN:9,(anonymous_0)
FN:12,(anonymous_1)
FNF:2
FNH:2
FNDA:5,(anonymous_0)
FNDA:5,(anonymous_1)
DA:10,5
DA:15,5
DA:16,0
DA:17,0
DA:18,0
DA:19,0
DA:20,0
DA:22,2
LF:8
LH:3
BRDA:15,0,0,0
BRDA:15,0,1,2
BRDA:26,1,0,0
BRDA:26,1,1,2
BRDA:32,2,0,0
BRDA:32,2,1,2
BRDA:46,3,0,0
BRDA:46,3,1,2
BRF:8
BRH:4
end_of_record
TN:
SF:/Users/rbk-11/Desktop/zinah/googlePlayProductReplica/poll-service/client/src/components/PollsResults.js
FN:7,(anonymous_0)
FN:11,(anonymous_1)
FNF:2
FNH:2
FNDA:3,(anonymous_0)
FNDA:3,(anonymous_1)
DA:8,3
DA:12,3
LF:2
LH:2
BRDA:15,0,0,1
BRDA:15,0,1,2
BRDA:18,1,0,1
BRDA:18,1,1,2
BRF:4
BRH:4
end_of_record
TN:
SF:/Users/rbk-11/Desktop/zinah/googlePlayProductReplica/poll-service/client/src/components/ReviewItem.js
FN:8,(anonymous_0)
FN:12,(anonymous_1)
FNF:2
FNH:2
FNDA:3,(anonymous_0)
FNDA:3,(anonymous_1)
DA:9,3
DA:13,3
DA:14,0
DA:15,0
DA:16,0
LF:5
LH:2
BRF:0
BRH:0
end_of_record
TN:
SF:/Users/rbk-11/Desktop/zinah/googlePlayProductReplica/poll-service/client/src/components/Reviews.js
FN:6,(anonymous_0)
FN:10,(anonymous_1)
FN:22,(anonymous_2)
FNF:3
FNH:2
FNDA:4,(anonymous_0)
FNDA:4,(anonymous_1)
FNDA:0,(anonymous_2)
DA:7,4
DA:12,4
DA:13,4
DA:14,0
DA:15,0
DA:18,1
DA:23,0
LF:7
LH:4
BRDA:13,0,0,0
BRDA:13,0,1,1
BRF:2
BRH:1
end_of_record
